<?xml version="1.0" encoding="UTF-8"?>
<testsuite name="test.endToEnd.MarsRoverEndToEnd" tests="5" skipped="0" failures="0" errors="0" timestamp="2018-03-01T00:22:40" hostname="Camille.local" time="0.041">
  <properties/>
  <testcase name="roverCanTurnDirectionToLeft" classname="test.endToEnd.MarsRoverEndToEnd" time="0.036"/>
  <testcase name="roverCanMoveForward" classname="test.endToEnd.MarsRoverEndToEnd" time="0.001"/>
  <testcase name="readRoverPosition" classname="test.endToEnd.MarsRoverEndToEnd" time="0.001"/>
  <testcase name="readUpperRightPlateouCoordinates" classname="test.endToEnd.MarsRoverEndToEnd" time="0.001"/>
  <testcase name="roverCanTurnDirectionToRigth" classname="test.endToEnd.MarsRoverEndToEnd" time="0.001"/>
  <system-out><![CDATA[]]></system-out>
  <system-err><![CDATA[]]></system-err>
</testsuite>
