<?xml version="1.0" encoding="UTF-8"?>
<testsuite name="test.endToEnd.MarsRoverEndToEnd" tests="2" skipped="0" failures="0" errors="0" timestamp="2018-02-28T13:48:03" hostname="Camille.local" time="0.034">
  <properties/>
  <testcase name="readRoverPosition" classname="test.endToEnd.MarsRoverEndToEnd" time="0.032"/>
  <testcase name="readUpperRightPlateouCoordinates" classname="test.endToEnd.MarsRoverEndToEnd" time="0.001"/>
  <system-out><![CDATA[]]></system-out>
  <system-err><![CDATA[]]></system-err>
</testsuite>
