<?xml version="1.0" encoding="UTF-8"?>
<testsuite name="MarsRoverEndToEnd" tests="1" skipped="0" failures="0" errors="0" timestamp="2018-02-26T17:16:18" hostname="Camille.local" time="0.001">
  <properties/>
  <testcase name="readUpperRightCoordinates" classname="MarsRoverEndToEnd" time="0.001"/>
  <system-out><![CDATA[]]></system-out>
  <system-err><![CDATA[]]></system-err>
</testsuite>
